{"C:\\Users\\jaime\\Desktop\\Desarrollo2023\\nodereact\\server\\src\\app.js": {"path":"C:\\Users\\jaime\\Desktop\\Desarrollo2023\\nodereact\\server\\src\\app.js","statementMap":{"0":{"start":{"line":1,"column":16},"end":{"line":1,"column":34}},"1":{"start":{"line":2,"column":12},"end":{"line":2,"column":21}},"2":{"start":{"line":3,"column":13},"end":{"line":3,"column":28}},"3":{"start":{"line":4,"column":15},"end":{"line":4,"column":32}},"4":{"start":{"line":5,"column":13},"end":{"line":5,"column":33}},"5":{"start":{"line":7,"column":0},"end":{"line":7,"column":23}},"6":{"start":{"line":8,"column":0},"end":{"line":8,"column":16}},"7":{"start":{"line":9,"column":0},"end":{"line":9,"column":24}},"8":{"start":{"line":11,"column":0},"end":{"line":11,"column":71}},"9":{"start":{"line":13,"column":23},"end":{"line":13,"column":52}},"10":{"start":{"line":15,"column":0},"end":{"line":15,"column":45}},"11":{"start":{"line":17,"column":0},"end":{"line":19,"column":3}},"12":{"start":{"line":18,"column":2},"end":{"line":18,"column":76}},"13":{"start":{"line":21,"column":0},"end":{"line":21,"column":20}}},"fnMap":{"0":{"name":"(anonymous_0)","decl":{"start":{"line":17,"column":13},"end":{"line":17,"column":14}},"loc":{"start":{"line":17,"column":27},"end":{"line":19,"column":1}},"line":17}},"branchMap":{},"s":{"0":1,"1":1,"2":1,"3":1,"4":1,"5":1,"6":1,"7":1,"8":1,"9":1,"10":1,"11":1,"12":0,"13":1},"f":{"0":0},"b":{},"_coverageSchema":"1a1c01bbd47fc00a2c39e90264f33305004495a9","hash":"6df2936e76720463278771e79891992407a9006c"}
,"C:\\Users\\jaime\\Desktop\\Desarrollo2023\\nodereact\\server\\src\\config\\db.js": {"path":"C:\\Users\\jaime\\Desktop\\Desarrollo2023\\nodereact\\server\\src\\config\\db.js","statementMap":{"0":{"start":{"line":2,"column":14},"end":{"line":2,"column":30}},"1":{"start":{"line":5,"column":12},"end":{"line":10,"column":2}},"2":{"start":{"line":13,"column":0},"end":{"line":16,"column":3}},"3":{"start":{"line":14,"column":2},"end":{"line":14,"column":21}},"4":{"start":{"line":14,"column":11},"end":{"line":14,"column":21}},"5":{"start":{"line":15,"column":2},"end":{"line":15,"column":48}},"6":{"start":{"line":19,"column":0},"end":{"line":19,"column":21}}},"fnMap":{"0":{"name":"(anonymous_0)","decl":{"start":{"line":13,"column":12},"end":{"line":13,"column":13}},"loc":{"start":{"line":13,"column":26},"end":{"line":16,"column":1}},"line":13}},"branchMap":{"0":{"loc":{"start":{"line":14,"column":2},"end":{"line":14,"column":21}},"type":"if","locations":[{"start":{"line":14,"column":2},"end":{"line":14,"column":21}},{"start":{},"end":{}}],"line":14}},"s":{"0":1,"1":1,"2":1,"3":1,"4":0,"5":1,"6":1},"f":{"0":1},"b":{"0":[0,1]},"_coverageSchema":"1a1c01bbd47fc00a2c39e90264f33305004495a9","hash":"697775cdc775b960c31e97863322eac7799ac569"}
,"C:\\Users\\jaime\\Desktop\\Desarrollo2023\\nodereact\\server\\src\\controllers\\empleados.js": {"path":"C:\\Users\\jaime\\Desktop\\Desarrollo2023\\nodereact\\server\\src\\controllers\\empleados.js","statementMap":{"0":{"start":{"line":2,"column":17},"end":{"line":2,"column":47}},"1":{"start":{"line":3,"column":29},"end":{"line":3,"column":57}},"2":{"start":{"line":7,"column":0},"end":{"line":12,"column":2}},"3":{"start":{"line":8,"column":2},"end":{"line":11,"column":5}},"4":{"start":{"line":9,"column":4},"end":{"line":9,"column":27}},"5":{"start":{"line":9,"column":13},"end":{"line":9,"column":27}},"6":{"start":{"line":10,"column":4},"end":{"line":10,"column":35}},"7":{"start":{"line":15,"column":0},"end":{"line":37,"column":2}},"8":{"start":{"line":17,"column":17},"end":{"line":17,"column":38}},"9":{"start":{"line":18,"column":2},"end":{"line":20,"column":3}},"10":{"start":{"line":19,"column":4},"end":{"line":19,"column":60}},"11":{"start":{"line":22,"column":19},"end":{"line":28,"column":3}},"12":{"start":{"line":30,"column":25},"end":{"line":30,"column":47}},"13":{"start":{"line":32,"column":2},"end":{"line":35,"column":5}},"14":{"start":{"line":33,"column":4},"end":{"line":33,"column":39}},"15":{"start":{"line":33,"column":13},"end":{"line":33,"column":39}},"16":{"start":{"line":34,"column":4},"end":{"line":34,"column":75}},"17":{"start":{"line":40,"column":0},"end":{"line":49,"column":2}},"18":{"start":{"line":41,"column":17},"end":{"line":41,"column":38}},"19":{"start":{"line":42,"column":2},"end":{"line":44,"column":3}},"20":{"start":{"line":43,"column":4},"end":{"line":43,"column":60}},"21":{"start":{"line":45,"column":2},"end":{"line":48,"column":5}},"22":{"start":{"line":46,"column":4},"end":{"line":46,"column":39}},"23":{"start":{"line":46,"column":13},"end":{"line":46,"column":39}},"24":{"start":{"line":47,"column":4},"end":{"line":47,"column":35}},"25":{"start":{"line":52,"column":0},"end":{"line":75,"column":2}},"26":{"start":{"line":53,"column":17},"end":{"line":53,"column":38}},"27":{"start":{"line":54,"column":2},"end":{"line":56,"column":3}},"28":{"start":{"line":55,"column":4},"end":{"line":55,"column":60}},"29":{"start":{"line":57,"column":2},"end":{"line":74,"column":5}},"30":{"start":{"line":58,"column":22},"end":{"line":64,"column":5}},"31":{"start":{"line":66,"column":4},"end":{"line":73,"column":6}},"32":{"start":{"line":70,"column":8},"end":{"line":70,"column":43}},"33":{"start":{"line":70,"column":17},"end":{"line":70,"column":43}},"34":{"start":{"line":71,"column":8},"end":{"line":71,"column":84}},"35":{"start":{"line":78,"column":0},"end":{"line":87,"column":2}},"36":{"start":{"line":79,"column":17},"end":{"line":79,"column":38}},"37":{"start":{"line":80,"column":2},"end":{"line":82,"column":3}},"38":{"start":{"line":81,"column":4},"end":{"line":81,"column":60}},"39":{"start":{"line":83,"column":2},"end":{"line":86,"column":5}},"40":{"start":{"line":84,"column":4},"end":{"line":84,"column":39}},"41":{"start":{"line":84,"column":13},"end":{"line":84,"column":39}},"42":{"start":{"line":85,"column":4},"end":{"line":85,"column":78}}},"fnMap":{"0":{"name":"(anonymous_0)","decl":{"start":{"line":7,"column":18},"end":{"line":7,"column":19}},"loc":{"start":{"line":7,"column":38},"end":{"line":12,"column":1}},"line":7},"1":{"name":"(anonymous_1)","decl":{"start":{"line":8,"column":19},"end":{"line":8,"column":20}},"loc":{"start":{"line":8,"column":44},"end":{"line":11,"column":3}},"line":8},"2":{"name":"(anonymous_2)","decl":{"start":{"line":15,"column":17},"end":{"line":15,"column":18}},"loc":{"start":{"line":15,"column":37},"end":{"line":37,"column":1}},"line":15},"3":{"name":"(anonymous_3)","decl":{"start":{"line":32,"column":34},"end":{"line":32,"column":35}},"loc":{"start":{"line":32,"column":59},"end":{"line":35,"column":3}},"line":32},"4":{"name":"(anonymous_4)","decl":{"start":{"line":40,"column":19},"end":{"line":40,"column":20}},"loc":{"start":{"line":40,"column":39},"end":{"line":49,"column":1}},"line":40},"5":{"name":"(anonymous_5)","decl":{"start":{"line":45,"column":35},"end":{"line":45,"column":36}},"loc":{"start":{"line":45,"column":60},"end":{"line":48,"column":3}},"line":45},"6":{"name":"(anonymous_6)","decl":{"start":{"line":52,"column":17},"end":{"line":52,"column":18}},"loc":{"start":{"line":52,"column":37},"end":{"line":75,"column":1}},"line":52},"7":{"name":"(anonymous_7)","decl":{"start":{"line":57,"column":35},"end":{"line":57,"column":36}},"loc":{"start":{"line":57,"column":60},"end":{"line":74,"column":3}},"line":57},"8":{"name":"(anonymous_8)","decl":{"start":{"line":69,"column":6},"end":{"line":69,"column":7}},"loc":{"start":{"line":69,"column":32},"end":{"line":72,"column":7}},"line":69},"9":{"name":"(anonymous_9)","decl":{"start":{"line":78,"column":17},"end":{"line":78,"column":18}},"loc":{"start":{"line":78,"column":37},"end":{"line":87,"column":1}},"line":78},"10":{"name":"(anonymous_10)","decl":{"start":{"line":83,"column":33},"end":{"line":83,"column":34}},"loc":{"start":{"line":83,"column":58},"end":{"line":86,"column":3}},"line":83}},"branchMap":{"0":{"loc":{"start":{"line":9,"column":4},"end":{"line":9,"column":27}},"type":"if","locations":[{"start":{"line":9,"column":4},"end":{"line":9,"column":27}},{"start":{},"end":{}}],"line":9},"1":{"loc":{"start":{"line":18,"column":2},"end":{"line":20,"column":3}},"type":"if","locations":[{"start":{"line":18,"column":2},"end":{"line":20,"column":3}},{"start":{},"end":{}}],"line":18},"2":{"loc":{"start":{"line":33,"column":4},"end":{"line":33,"column":39}},"type":"if","locations":[{"start":{"line":33,"column":4},"end":{"line":33,"column":39}},{"start":{},"end":{}}],"line":33},"3":{"loc":{"start":{"line":42,"column":2},"end":{"line":44,"column":3}},"type":"if","locations":[{"start":{"line":42,"column":2},"end":{"line":44,"column":3}},{"start":{},"end":{}}],"line":42},"4":{"loc":{"start":{"line":46,"column":4},"end":{"line":46,"column":39}},"type":"if","locations":[{"start":{"line":46,"column":4},"end":{"line":46,"column":39}},{"start":{},"end":{}}],"line":46},"5":{"loc":{"start":{"line":54,"column":2},"end":{"line":56,"column":3}},"type":"if","locations":[{"start":{"line":54,"column":2},"end":{"line":56,"column":3}},{"start":{},"end":{}}],"line":54},"6":{"loc":{"start":{"line":70,"column":8},"end":{"line":70,"column":43}},"type":"if","locations":[{"start":{"line":70,"column":8},"end":{"line":70,"column":43}},{"start":{},"end":{}}],"line":70},"7":{"loc":{"start":{"line":80,"column":2},"end":{"line":82,"column":3}},"type":"if","locations":[{"start":{"line":80,"column":2},"end":{"line":82,"column":3}},{"start":{},"end":{}}],"line":80},"8":{"loc":{"start":{"line":84,"column":4},"end":{"line":84,"column":39}},"type":"if","locations":[{"start":{"line":84,"column":4},"end":{"line":84,"column":39}},{"start":{},"end":{}}],"line":84}},"s":{"0":1,"1":1,"2":1,"3":1,"4":1,"5":0,"6":1,"7":1,"8":3,"9":3,"10":2,"11":1,"12":1,"13":1,"14":1,"15":0,"16":1,"17":1,"18":2,"19":2,"20":1,"21":1,"22":1,"23":0,"24":1,"25":1,"26":2,"27":2,"28":1,"29":1,"30":1,"31":1,"32":1,"33":0,"34":1,"35":1,"36":2,"37":2,"38":1,"39":1,"40":1,"41":0,"42":1},"f":{"0":1,"1":1,"2":3,"3":1,"4":2,"5":1,"6":2,"7":1,"8":1,"9":2,"10":1},"b":{"0":[0,1],"1":[2,1],"2":[0,1],"3":[1,1],"4":[0,1],"5":[1,1],"6":[0,1],"7":[1,1],"8":[0,1]},"_coverageSchema":"1a1c01bbd47fc00a2c39e90264f33305004495a9","hash":"44a74dfc16443ab1d1c98789a7621925c5bc067f"}
,"C:\\Users\\jaime\\Desktop\\Desarrollo2023\\nodereact\\server\\src\\models\\empleados.js": {"path":"C:\\Users\\jaime\\Desktop\\Desarrollo2023\\nodereact\\server\\src\\models\\empleados.js","statementMap":{"0":{"start":{"line":2,"column":15},"end":{"line":2,"column":38}},"1":{"start":{"line":5,"column":15},"end":{"line":11,"column":1}},"2":{"start":{"line":6,"column":2},"end":{"line":6,"column":32}},"3":{"start":{"line":7,"column":2},"end":{"line":7,"column":28}},"4":{"start":{"line":8,"column":2},"end":{"line":8,"column":28}},"5":{"start":{"line":9,"column":2},"end":{"line":9,"column":30}},"6":{"start":{"line":10,"column":2},"end":{"line":10,"column":30}},"7":{"start":{"line":14,"column":0},"end":{"line":26,"column":2}},"8":{"start":{"line":15,"column":2},"end":{"line":25,"column":4}},"9":{"start":{"line":19,"column":6},"end":{"line":23,"column":7}},"10":{"start":{"line":20,"column":8},"end":{"line":20,"column":26}},"11":{"start":{"line":22,"column":8},"end":{"line":22,"column":35}},"12":{"start":{"line":29,"column":0},"end":{"line":41,"column":2}},"13":{"start":{"line":30,"column":2},"end":{"line":40,"column":4}},"14":{"start":{"line":34,"column":6},"end":{"line":38,"column":7}},"15":{"start":{"line":35,"column":8},"end":{"line":35,"column":26}},"16":{"start":{"line":37,"column":8},"end":{"line":37,"column":26}},"17":{"start":{"line":44,"column":0},"end":{"line":52,"column":2}},"18":{"start":{"line":45,"column":2},"end":{"line":51,"column":5}},"19":{"start":{"line":46,"column":4},"end":{"line":50,"column":5}},"20":{"start":{"line":47,"column":6},"end":{"line":47,"column":24}},"21":{"start":{"line":49,"column":6},"end":{"line":49,"column":24}},"22":{"start":{"line":55,"column":0},"end":{"line":74,"column":2}},"23":{"start":{"line":56,"column":2},"end":{"line":73,"column":4}},"24":{"start":{"line":67,"column":6},"end":{"line":71,"column":7}},"25":{"start":{"line":68,"column":8},"end":{"line":68,"column":26}},"26":{"start":{"line":70,"column":8},"end":{"line":70,"column":26}},"27":{"start":{"line":77,"column":0},"end":{"line":89,"column":2}},"28":{"start":{"line":78,"column":2},"end":{"line":88,"column":4}},"29":{"start":{"line":82,"column":6},"end":{"line":86,"column":7}},"30":{"start":{"line":83,"column":8},"end":{"line":83,"column":26}},"31":{"start":{"line":85,"column":8},"end":{"line":85,"column":26}},"32":{"start":{"line":90,"column":0},"end":{"line":90,"column":26}}},"fnMap":{"0":{"name":"(anonymous_0)","decl":{"start":{"line":5,"column":15},"end":{"line":5,"column":16}},"loc":{"start":{"line":5,"column":35},"end":{"line":11,"column":1}},"line":5},"1":{"name":"(anonymous_1)","decl":{"start":{"line":14,"column":18},"end":{"line":14,"column":19}},"loc":{"start":{"line":14,"column":44},"end":{"line":26,"column":1}},"line":14},"2":{"name":"(anonymous_2)","decl":{"start":{"line":18,"column":4},"end":{"line":18,"column":5}},"loc":{"start":{"line":18,"column":24},"end":{"line":24,"column":5}},"line":18},"3":{"name":"(anonymous_3)","decl":{"start":{"line":29,"column":20},"end":{"line":29,"column":21}},"loc":{"start":{"line":29,"column":42},"end":{"line":41,"column":1}},"line":29},"4":{"name":"(anonymous_4)","decl":{"start":{"line":33,"column":4},"end":{"line":33,"column":5}},"loc":{"start":{"line":33,"column":24},"end":{"line":39,"column":5}},"line":33},"5":{"name":"(anonymous_5)","decl":{"start":{"line":44,"column":19},"end":{"line":44,"column":20}},"loc":{"start":{"line":44,"column":37},"end":{"line":52,"column":1}},"line":44},"6":{"name":"(anonymous_6)","decl":{"start":{"line":45,"column":44},"end":{"line":45,"column":45}},"loc":{"start":{"line":45,"column":64},"end":{"line":51,"column":3}},"line":45},"7":{"name":"(anonymous_7)","decl":{"start":{"line":55,"column":18},"end":{"line":55,"column":19}},"loc":{"start":{"line":55,"column":50},"end":{"line":74,"column":1}},"line":55},"8":{"name":"(anonymous_8)","decl":{"start":{"line":66,"column":4},"end":{"line":66,"column":5}},"loc":{"start":{"line":66,"column":24},"end":{"line":72,"column":5}},"line":66},"9":{"name":"(anonymous_9)","decl":{"start":{"line":77,"column":18},"end":{"line":77,"column":19}},"loc":{"start":{"line":77,"column":40},"end":{"line":89,"column":1}},"line":77},"10":{"name":"(anonymous_10)","decl":{"start":{"line":81,"column":4},"end":{"line":81,"column":5}},"loc":{"start":{"line":81,"column":24},"end":{"line":87,"column":5}},"line":81}},"branchMap":{"0":{"loc":{"start":{"line":19,"column":6},"end":{"line":23,"column":7}},"type":"if","locations":[{"start":{"line":19,"column":6},"end":{"line":23,"column":7}},{"start":{"line":21,"column":13},"end":{"line":23,"column":7}}],"line":19},"1":{"loc":{"start":{"line":34,"column":6},"end":{"line":38,"column":7}},"type":"if","locations":[{"start":{"line":34,"column":6},"end":{"line":38,"column":7}},{"start":{"line":36,"column":13},"end":{"line":38,"column":7}}],"line":34},"2":{"loc":{"start":{"line":46,"column":4},"end":{"line":50,"column":5}},"type":"if","locations":[{"start":{"line":46,"column":4},"end":{"line":50,"column":5}},{"start":{"line":48,"column":11},"end":{"line":50,"column":5}}],"line":46},"3":{"loc":{"start":{"line":67,"column":6},"end":{"line":71,"column":7}},"type":"if","locations":[{"start":{"line":67,"column":6},"end":{"line":71,"column":7}},{"start":{"line":69,"column":13},"end":{"line":71,"column":7}}],"line":67},"4":{"loc":{"start":{"line":82,"column":6},"end":{"line":86,"column":7}},"type":"if","locations":[{"start":{"line":82,"column":6},"end":{"line":86,"column":7}},{"start":{"line":84,"column":13},"end":{"line":86,"column":7}}],"line":82}},"s":{"0":1,"1":1,"2":2,"3":2,"4":2,"5":2,"6":2,"7":1,"8":1,"9":1,"10":0,"11":1,"12":1,"13":2,"14":2,"15":0,"16":2,"17":1,"18":1,"19":1,"20":0,"21":1,"22":1,"23":1,"24":1,"25":0,"26":1,"27":1,"28":1,"29":1,"30":0,"31":1,"32":1},"f":{"0":2,"1":1,"2":1,"3":2,"4":2,"5":1,"6":1,"7":1,"8":1,"9":1,"10":1},"b":{"0":[0,1],"1":[0,2],"2":[0,1],"3":[0,1],"4":[0,1]},"_coverageSchema":"1a1c01bbd47fc00a2c39e90264f33305004495a9","hash":"d949445af59c551fbda82499332d8a3f14a1c044"}
,"C:\\Users\\jaime\\Desktop\\Desarrollo2023\\nodereact\\server\\src\\routes\\empleados.js": {"path":"C:\\Users\\jaime\\Desktop\\Desarrollo2023\\nodereact\\server\\src\\routes\\empleados.js","statementMap":{"0":{"start":{"line":1,"column":16},"end":{"line":1,"column":34}},"1":{"start":{"line":2,"column":15},"end":{"line":2,"column":31}},"2":{"start":{"line":3,"column":24},"end":{"line":3,"column":52}},"3":{"start":{"line":4,"column":28},"end":{"line":4,"column":63}},"4":{"start":{"line":6,"column":21},"end":{"line":7,"column":59}},"5":{"start":{"line":8,"column":25},"end":{"line":10,"column":60}},"6":{"start":{"line":11,"column":23},"end":{"line":12,"column":59}},"7":{"start":{"line":13,"column":24},"end":{"line":14,"column":59}},"8":{"start":{"line":15,"column":24},"end":{"line":17,"column":58}},"9":{"start":{"line":18,"column":23},"end":{"line":20,"column":57}},"10":{"start":{"line":23,"column":0},"end":{"line":23,"column":45}},"11":{"start":{"line":26,"column":0},"end":{"line":26,"column":129}},"12":{"start":{"line":29,"column":0},"end":{"line":29,"column":63}},"13":{"start":{"line":32,"column":0},"end":{"line":32,"column":145}},"14":{"start":{"line":35,"column":0},"end":{"line":35,"column":64}},"15":{"start":{"line":37,"column":0},"end":{"line":37,"column":23}}},"fnMap":{},"branchMap":{},"s":{"0":1,"1":1,"2":1,"3":1,"4":1,"5":1,"6":1,"7":1,"8":1,"9":1,"10":1,"11":1,"12":1,"13":1,"14":1,"15":1},"f":{},"b":{},"_coverageSchema":"1a1c01bbd47fc00a2c39e90264f33305004495a9","hash":"f9114039cd7b9809f9cd505318e91268cff3dcb8"}
}
