TN:
SF:src\app.js
FN:17,(anonymous_0)
FNF:1
FNH:0
FNDA:0,(anonymous_0)
DA:1,1
DA:2,1
DA:3,1
DA:4,1
DA:5,1
DA:7,1
DA:8,1
DA:9,1
DA:11,1
DA:13,1
DA:15,1
DA:17,1
DA:18,0
DA:21,1
LF:14
LH:13
BRF:0
BRH:0
end_of_record
TN:
SF:src\config\db.js
FN:13,(anonymous_0)
FNF:1
FNH:1
FNDA:1,(anonymous_0)
DA:2,1
DA:5,1
DA:13,1
DA:14,1
DA:15,1
DA:19,1
LF:6
LH:6
BRDA:14,0,0,0
BRDA:14,0,1,1
BRF:2
BRH:1
end_of_record
TN:
SF:src\controllers\empleados.js
FN:7,(anonymous_0)
FN:8,(anonymous_1)
FN:15,(anonymous_2)
FN:32,(anonymous_3)
FN:40,(anonymous_4)
FN:45,(anonymous_5)
FN:52,(anonymous_6)
FN:57,(anonymous_7)
FN:69,(anonymous_8)
FN:78,(anonymous_9)
FN:83,(anonymous_10)
FNF:11
FNH:11
FNDA:1,(anonymous_0)
FNDA:1,(anonymous_1)
FNDA:3,(anonymous_2)
FNDA:1,(anonymous_3)
FNDA:2,(anonymous_4)
FNDA:1,(anonymous_5)
FNDA:2,(anonymous_6)
FNDA:1,(anonymous_7)
FNDA:1,(anonymous_8)
FNDA:2,(anonymous_9)
FNDA:1,(anonymous_10)
DA:2,1
DA:3,1
DA:7,1
DA:8,1
DA:9,1
DA:10,1
DA:15,1
DA:17,3
DA:18,3
DA:19,2
DA:22,1
DA:30,1
DA:32,1
DA:33,1
DA:34,1
DA:40,1
DA:41,2
DA:42,2
DA:43,1
DA:45,1
DA:46,1
DA:47,1
DA:52,1
DA:53,2
DA:54,2
DA:55,1
DA:57,1
DA:58,1
DA:66,1
DA:70,1
DA:71,1
DA:78,1
DA:79,2
DA:80,2
DA:81,1
DA:83,1
DA:84,1
DA:85,1
LF:38
LH:38
BRDA:9,0,0,0
BRDA:9,0,1,1
BRDA:18,1,0,2
BRDA:18,1,1,1
BRDA:33,2,0,0
BRDA:33,2,1,1
BRDA:42,3,0,1
BRDA:42,3,1,1
BRDA:46,4,0,0
BRDA:46,4,1,1
BRDA:54,5,0,1
BRDA:54,5,1,1
BRDA:70,6,0,0
BRDA:70,6,1,1
BRDA:80,7,0,1
BRDA:80,7,1,1
BRDA:84,8,0,0
BRDA:84,8,1,1
BRF:18
BRH:13
end_of_record
TN:
SF:src\models\empleados.js
FN:5,(anonymous_0)
FN:14,(anonymous_1)
FN:18,(anonymous_2)
FN:29,(anonymous_3)
FN:33,(anonymous_4)
FN:44,(anonymous_5)
FN:45,(anonymous_6)
FN:55,(anonymous_7)
FN:66,(anonymous_8)
FN:77,(anonymous_9)
FN:81,(anonymous_10)
FNF:11
FNH:11
FNDA:2,(anonymous_0)
FNDA:1,(anonymous_1)
FNDA:1,(anonymous_2)
FNDA:2,(anonymous_3)
FNDA:2,(anonymous_4)
FNDA:1,(anonymous_5)
FNDA:1,(anonymous_6)
FNDA:1,(anonymous_7)
FNDA:1,(anonymous_8)
FNDA:1,(anonymous_9)
FNDA:1,(anonymous_10)
DA:2,1
DA:5,1
DA:6,2
DA:7,2
DA:8,2
DA:9,2
DA:10,2
DA:14,1
DA:15,1
DA:19,1
DA:20,0
DA:22,1
DA:29,1
DA:30,2
DA:34,2
DA:35,0
DA:37,2
DA:44,1
DA:45,1
DA:46,1
DA:47,0
DA:49,1
DA:55,1
DA:56,1
DA:67,1
DA:68,0
DA:70,1
DA:77,1
DA:78,1
DA:82,1
DA:83,0
DA:85,1
DA:90,1
LF:33
LH:28
BRDA:19,0,0,0
BRDA:19,0,1,1
BRDA:34,1,0,0
BRDA:34,1,1,2
BRDA:46,2,0,0
BRDA:46,2,1,1
BRDA:67,3,0,0
BRDA:67,3,1,1
BRDA:82,4,0,0
BRDA:82,4,1,1
BRF:10
BRH:5
end_of_record
TN:
SF:src\routes\empleados.js
FNF:0
FNH:0
DA:1,1
DA:2,1
DA:3,1
DA:4,1
DA:6,1
DA:8,1
DA:11,1
DA:13,1
DA:15,1
DA:18,1
DA:23,1
DA:26,1
DA:29,1
DA:32,1
DA:35,1
DA:37,1
LF:16
LH:16
BRF:0
BRH:0
end_of_record
